<?xml version="1.0" encoding="UTF-8"?>
<coverage generated="1691015294123" clover="3.2.0">
  <project timestamp="1691015294123" name="All files">
    <metrics statements="126" coveredstatements="119" conditionals="137" coveredconditionals="115" methods="33" coveredmethods="32" elements="296" coveredelements="266" complexity="0" loc="126" ncloc="126" packages="1" files="6" classes="6"/>
    <file name="actionTypes.js" path="/Users/mvdbiggelaar/website/cylander/scene-generator/actionTypes.js">
      <metrics statements="2" coveredstatements="2" conditionals="0" coveredconditionals="0" methods="0" coveredmethods="0"/>
      <line num="1" count="2" type="stmt"/>
      <line num="7" count="2" type="stmt"/>
    </file>
    <file name="actionableItemTypes.js" path="/Users/mvdbiggelaar/website/cylander/scene-generator/actionableItemTypes.js">
      <metrics statements="2" coveredstatements="2" conditionals="0" coveredconditionals="0" methods="0" coveredmethods="0"/>
      <line num="1" count="2" type="stmt"/>
      <line num="7" count="2" type="stmt"/>
    </file>
    <file name="eventTypes.js" path="/Users/mvdbiggelaar/website/cylander/scene-generator/eventTypes.js">
      <metrics statements="2" coveredstatements="2" conditionals="0" coveredconditionals="0" methods="0" coveredmethods="0"/>
      <line num="1" count="2" type="stmt"/>
      <line num="6" count="2" type="stmt"/>
    </file>
    <file name="getSceneClass.js" path="/Users/mvdbiggelaar/website/cylander/scene-generator/getSceneClass.js">
      <metrics statements="7" coveredstatements="7" conditionals="2" coveredconditionals="2" methods="1" coveredmethods="1"/>
      <line num="1" count="1" type="stmt"/>
      <line num="2" count="1" type="stmt"/>
      <line num="5" count="3" type="stmt"/>
      <line num="6" count="3" type="stmt"/>
      <line num="8" count="3" type="stmt"/>
      <line num="27" count="3" type="stmt"/>
      <line num="30" count="1" type="stmt"/>
    </file>
    <file name="getSceneCreate.js" path="/Users/mvdbiggelaar/website/cylander/scene-generator/getSceneCreate.js">
      <metrics statements="102" coveredstatements="95" conditionals="129" coveredconditionals="108" methods="30" coveredmethods="29"/>
      <line num="1" count="2" type="stmt"/>
      <line num="2" count="2" type="stmt"/>
      <line num="3" count="2" type="stmt"/>
      <line num="6" count="23" type="cond" truecount="2" falsecount="0"/>
      <line num="11" count="3" type="stmt"/>
      <line num="16" count="20" type="cond" truecount="4" falsecount="0"/>
      <line num="17" count="2" type="stmt"/>
      <line num="20" count="18" type="stmt"/>
      <line num="21" count="18" type="stmt"/>
      <line num="23" count="18" type="stmt"/>
      <line num="26" count="18" type="stmt"/>
      <line num="27" count="18" type="stmt"/>
      <line num="28" count="18" type="stmt"/>
      <line num="29" count="18" type="stmt"/>
      <line num="31" count="18" type="cond" truecount="2" falsecount="0"/>
      <line num="32" count="12" type="stmt"/>
      <line num="33" count="40" type="cond" truecount="4" falsecount="0"/>
      <line num="35" count="12" type="stmt"/>
      <line num="36" count="12" type="stmt"/>
      <line num="38" count="13" type="stmt"/>
      <line num="39" count="13" type="stmt"/>
      <line num="41" count="12" type="stmt"/>
      <line num="42" count="12" type="stmt"/>
      <line num="46" count="40" type="stmt"/>
      <line num="50" count="40" type="stmt"/>
      <line num="54" count="40" type="stmt"/>
      <line num="55" count="40" type="stmt"/>
      <line num="59" count="40" type="stmt"/>
      <line num="63" count="40" type="stmt"/>
      <line num="67" count="40" type="stmt"/>
      <line num="73" count="40" type="cond" truecount="2" falsecount="0"/>
      <line num="74" count="8" type="stmt"/>
      <line num="76" count="8" type="stmt"/>
      <line num="87" count="12" type="stmt"/>
      <line num="92" count="18" type="cond" truecount="2" falsecount="0"/>
      <line num="93" count="3" type="cond" truecount="2" falsecount="0"/>
      <line num="94" count="1" type="stmt"/>
      <line num="95" count="2" type="cond" truecount="2" falsecount="0"/>
      <line num="96" count="1" type="stmt"/>
      <line num="98" count="1" type="stmt"/>
      <line num="102" count="12" type="cond" truecount="2" falsecount="0"/>
      <line num="103" count="1" type="stmt"/>
      <line num="110" count="40" type="cond" truecount="2" falsecount="2"/>
      <line num="111" count="0" type="stmt"/>
      <line num="120" count="40" type="cond" truecount="4" falsecount="0"/>
      <line num="121" count="3" type="stmt"/>
      <line num="127" count="9" type="cond" truecount="1" falsecount="1"/>
      <line num="135" count="40" type="cond" truecount="4" falsecount="0"/>
      <line num="136" count="3" type="stmt"/>
      <line num="137" count="3" type="stmt"/>
      <line num="146" count="40" type="cond" truecount="4" falsecount="0"/>
      <line num="147" count="3" type="stmt"/>
      <line num="151" count="40" type="cond" truecount="4" falsecount="0"/>
      <line num="152" count="3" type="cond" truecount="2" falsecount="2"/>
      <line num="156" count="40" type="cond" truecount="3" falsecount="1"/>
      <line num="157" count="40" type="stmt"/>
      <line num="161" count="40" type="cond" truecount="4" falsecount="0"/>
      <line num="162" count="3" type="stmt"/>
      <line num="166" count="13" type="stmt"/>
      <line num="179" count="12" type="stmt"/>
      <line num="194" count="12" type="stmt"/>
      <line num="209" count="5" type="cond" truecount="1" falsecount="1"/>
      <line num="210" count="5" type="stmt"/>
      <line num="219" count="4" type="cond" truecount="1" falsecount="1"/>
      <line num="220" count="4" type="stmt"/>
      <line num="221" count="4" type="cond" truecount="2" falsecount="0"/>
      <line num="225" count="1" type="stmt"/>
      <line num="226" count="3" type="cond" truecount="2" falsecount="0"/>
      <line num="228" count="1" type="stmt"/>
      <line num="229" count="1" type="stmt"/>
      <line num="230" count="1" type="stmt"/>
      <line num="232" count="1" type="stmt"/>
      <line num="234" count="4" type="stmt"/>
      <line num="262" count="8" type="cond" truecount="1" falsecount="1"/>
      <line num="264" count="8" type="stmt"/>
      <line num="265" count="8" type="cond" truecount="2" falsecount="0"/>
      <line num="266" count="4" type="cond" truecount="1" falsecount="1"/>
      <line num="269" count="4" type="cond" truecount="2" falsecount="0"/>
      <line num="273" count="4" type="stmt"/>
      <line num="276" count="4" type="stmt"/>
      <line num="277" count="5" type="cond" truecount="2" falsecount="0"/>
      <line num="278" count="3" type="stmt"/>
      <line num="280" count="5" type="cond" truecount="2" falsecount="0"/>
      <line num="281" count="2" type="stmt"/>
      <line num="284" count="4" type="stmt"/>
      <line num="288" count="4" type="stmt"/>
      <line num="289" count="4" type="stmt"/>
      <line num="305" count="8" type="stmt"/>
      <line num="309" count="18" type="cond" truecount="2" falsecount="0"/>
      <line num="310" count="2" type="stmt"/>
      <line num="319" count="2" type="cond" truecount="1" falsecount="1"/>
      <line num="320" count="0" type="cond" truecount="0" falsecount="2"/>
      <line num="321" count="0" type="cond" truecount="0" falsecount="2"/>
      <line num="322" count="0" type="stmt"/>
      <line num="326" count="2" type="stmt"/>
      <line num="333" count="2" type="stmt"/>
      <line num="351" count="2" type="cond" truecount="1" falsecount="1"/>
      <line num="352" count="0" type="stmt"/>
      <line num="355" count="0" type="cond" truecount="0" falsecount="2"/>
      <line num="358" count="0" type="stmt"/>
      <line num="362" count="18" type="stmt"/>
      <line num="365" count="2" type="stmt"/>
    </file>
    <file name="getScenePreload.js" path="/Users/mvdbiggelaar/website/cylander/scene-generator/getScenePreload.js">
      <metrics statements="11" coveredstatements="11" conditionals="6" coveredconditionals="5" methods="2" coveredmethods="2"/>
      <line num="2" count="7" type="stmt"/>
      <line num="3" count="7" type="stmt"/>
      <line num="4" count="7" type="cond" truecount="2" falsecount="0"/>
      <line num="5" count="1" type="stmt"/>
      <line num="10" count="7" type="stmt"/>
      <line num="11" count="2" type="cond" truecount="1" falsecount="1"/>
      <line num="12" count="2" type="stmt"/>
      <line num="16" count="7" type="cond" truecount="2" falsecount="0"/>
      <line num="17" count="2" type="stmt"/>
      <line num="20" count="7" type="stmt"/>
      <line num="23" count="2" type="stmt"/>
    </file>
  </project>
</coverage>
