{"/Users/mvdbiggelaar/website/cylander/scene-generator/actionTypes.js": {"path":"/Users/mvdbiggelaar/website/cylander/scene-generator/actionTypes.js","statementMap":{"0":{"start":{"line":1,"column":19},"end":{"line":5,"column":1}},"1":{"start":{"line":7,"column":0},"end":{"line":7,"column":28}}},"fnMap":{},"branchMap":{},"s":{"0":2,"1":2},"f":{},"b":{},"_coverageSchema":"1a1c01bbd47fc00a2c39e90264f33305004495a9","hash":"bc9283b631d71f49b8cc86dcbe0c9ef573006220"}
,"/Users/mvdbiggelaar/website/cylander/scene-generator/actionableItemTypes.js": {"path":"/Users/mvdbiggelaar/website/cylander/scene-generator/actionableItemTypes.js","statementMap":{"0":{"start":{"line":1,"column":27},"end":{"line":5,"column":1}},"1":{"start":{"line":7,"column":0},"end":{"line":7,"column":36}}},"fnMap":{},"branchMap":{},"s":{"0":2,"1":2},"f":{},"b":{},"_coverageSchema":"1a1c01bbd47fc00a2c39e90264f33305004495a9","hash":"7de2650199865df838fdbedf721c606e29084453"}
,"/Users/mvdbiggelaar/website/cylander/scene-generator/eventTypes.js": {"path":"/Users/mvdbiggelaar/website/cylander/scene-generator/eventTypes.js","statementMap":{"0":{"start":{"line":1,"column":18},"end":{"line":4,"column":1}},"1":{"start":{"line":6,"column":0},"end":{"line":6,"column":27}}},"fnMap":{},"branchMap":{},"s":{"0":2,"1":2},"f":{},"b":{},"_coverageSchema":"1a1c01bbd47fc00a2c39e90264f33305004495a9","hash":"b43a80ebe752de1f39dba2706fb0090f409eb088"}
,"/Users/mvdbiggelaar/website/cylander/scene-generator/getSceneClass.js": {"path":"/Users/mvdbiggelaar/website/cylander/scene-generator/getSceneClass.js","statementMap":{"0":{"start":{"line":1,"column":24},"end":{"line":1,"column":52}},"1":{"start":{"line":2,"column":23},"end":{"line":2,"column":50}},"2":{"start":{"line":5,"column":22},"end":{"line":5,"column":61}},"3":{"start":{"line":6,"column":21},"end":{"line":6,"column":59}},"4":{"start":{"line":8,"column":21},"end":{"line":25,"column":1}},"5":{"start":{"line":27,"column":2},"end":{"line":27,"column":20}},"6":{"start":{"line":30,"column":0},"end":{"line":30,"column":31}}},"fnMap":{"0":{"name":"getSceneClass","decl":{"start":{"line":4,"column":9},"end":{"line":4,"column":22}},"loc":{"start":{"line":4,"column":47},"end":{"line":28,"column":1}},"line":4}},"branchMap":{"0":{"loc":{"start":{"line":10,"column":2},"end":{"line":10,"column":71}},"type":"cond-expr","locations":[{"start":{"line":10,"column":24},"end":{"line":10,"column":66}},{"start":{"line":10,"column":69},"end":{"line":10,"column":71}}],"line":10}},"s":{"0":1,"1":1,"2":3,"3":3,"4":3,"5":3,"6":1},"f":{"0":3},"b":{"0":[1,2]},"_coverageSchema":"1a1c01bbd47fc00a2c39e90264f33305004495a9","hash":"58cce84b69acb1f68080fe98380ebaf1f2c7056b"}
,"/Users/mvdbiggelaar/website/cylander/scene-generator/getSceneCreate.js": {"path":"/Users/mvdbiggelaar/website/cylander/scene-generator/getSceneCreate.js","statementMap":{"0":{"start":{"line":1,"column":27},"end":{"line":1,"column":62}},"1":{"start":{"line":2,"column":19},"end":{"line":2,"column":46}},"2":{"start":{"line":3,"column":18},"end":{"line":3,"column":44}},"3":{"start":{"line":6,"column":2},"end":{"line":14,"column":3}},"4":{"start":{"line":11,"column":4},"end":{"line":13,"column":6}},"5":{"start":{"line":16,"column":2},"end":{"line":18,"column":3}},"6":{"start":{"line":17,"column":4},"end":{"line":17,"column":79}},"7":{"start":{"line":20,"column":19},"end":{"line":20,"column":21}},"8":{"start":{"line":21,"column":40},"end":{"line":21,"column":45}},"9":{"start":{"line":23,"column":2},"end":{"line":23,"column":38}},"10":{"start":{"line":26,"column":53},"end":{"line":26,"column":64}},"11":{"start":{"line":27,"column":4},"end":{"line":27,"column":56}},"12":{"start":{"line":28,"column":4},"end":{"line":28,"column":59}},"13":{"start":{"line":29,"column":4},"end":{"line":29,"column":42}},"14":{"start":{"line":31,"column":4},"end":{"line":88,"column":5}},"15":{"start":{"line":32,"column":6},"end":{"line":85,"column":9}},"16":{"start":{"line":33,"column":8},"end":{"line":44,"column":9}},"17":{"start":{"line":35,"column":12},"end":{"line":35,"column":70}},"18":{"start":{"line":36,"column":12},"end":{"line":36,"column":18}},"19":{"start":{"line":38,"column":12},"end":{"line":38,"column":69}},"20":{"start":{"line":39,"column":12},"end":{"line":39,"column":18}},"21":{"start":{"line":41,"column":12},"end":{"line":41,"column":68}},"22":{"start":{"line":42,"column":12},"end":{"line":42,"column":18}},"23":{"start":{"line":46,"column":8},"end":{"line":49,"column":10}},"24":{"start":{"line":50,"column":8},"end":{"line":53,"column":10}},"25":{"start":{"line":54,"column":8},"end":{"line":54,"column":66}},"26":{"start":{"line":55,"column":8},"end":{"line":58,"column":10}},"27":{"start":{"line":59,"column":8},"end":{"line":62,"column":10}},"28":{"start":{"line":63,"column":8},"end":{"line":66,"column":10}},"29":{"start":{"line":67,"column":8},"end":{"line":71,"column":10}},"30":{"start":{"line":73,"column":8},"end":{"line":84,"column":9}},"31":{"start":{"line":74,"column":10},"end":{"line":83,"column":12}},"32":{"start":{"line":76,"column":14},"end":{"line":81,"column":16}},"33":{"start":{"line":87,"column":6},"end":{"line":87,"column":70}},"34":{"start":{"line":92,"column":4},"end":{"line":92,"column":31}},"35":{"start":{"line":92,"column":21},"end":{"line":92,"column":31}},"36":{"start":{"line":93,"column":4},"end":{"line":97,"column":5}},"37":{"start":{"line":94,"column":6},"end":{"line":94,"column":91}},"38":{"start":{"line":95,"column":11},"end":{"line":97,"column":5}},"39":{"start":{"line":96,"column":6},"end":{"line":96,"column":75}},"40":{"start":{"line":98,"column":4},"end":{"line":98,"column":14}},"41":{"start":{"line":102,"column":4},"end":{"line":102,"column":52}},"42":{"start":{"line":102,"column":42},"end":{"line":102,"column":52}},"43":{"start":{"line":103,"column":4},"end":{"line":106,"column":9}},"44":{"start":{"line":110,"column":4},"end":{"line":110,"column":35}},"45":{"start":{"line":110,"column":25},"end":{"line":110,"column":35}},"46":{"start":{"line":111,"column":4},"end":{"line":116,"column":6}},"47":{"start":{"line":120,"column":4},"end":{"line":120,"column":39}},"48":{"start":{"line":120,"column":29},"end":{"line":120,"column":39}},"49":{"start":{"line":121,"column":4},"end":{"line":131,"column":6}},"50":{"start":{"line":127,"column":14},"end":{"line":127,"column":75}},"51":{"start":{"line":135,"column":4},"end":{"line":135,"column":41}},"52":{"start":{"line":135,"column":31},"end":{"line":135,"column":41}},"53":{"start":{"line":136,"column":4},"end":{"line":136,"column":43}},"54":{"start":{"line":137,"column":4},"end":{"line":142,"column":6}},"55":{"start":{"line":146,"column":4},"end":{"line":146,"column":35}},"56":{"start":{"line":146,"column":25},"end":{"line":146,"column":35}},"57":{"start":{"line":147,"column":4},"end":{"line":147,"column":46}},"58":{"start":{"line":151,"column":4},"end":{"line":151,"column":36}},"59":{"start":{"line":151,"column":26},"end":{"line":151,"column":36}},"60":{"start":{"line":152,"column":4},"end":{"line":152,"column":75}},"61":{"start":{"line":156,"column":4},"end":{"line":156,"column":45}},"62":{"start":{"line":156,"column":35},"end":{"line":156,"column":45}},"63":{"start":{"line":157,"column":4},"end":{"line":157,"column":44}},"64":{"start":{"line":161,"column":4},"end":{"line":161,"column":47}},"65":{"start":{"line":161,"column":37},"end":{"line":161,"column":47}},"66":{"start":{"line":162,"column":4},"end":{"line":162,"column":54}},"67":{"start":{"line":166,"column":4},"end":{"line":175,"column":6}},"68":{"start":{"line":179,"column":4},"end":{"line":190,"column":6}},"69":{"start":{"line":194,"column":4},"end":{"line":205,"column":6}},"70":{"start":{"line":209,"column":4},"end":{"line":209,"column":33}},"71":{"start":{"line":209,"column":23},"end":{"line":209,"column":33}},"72":{"start":{"line":210,"column":4},"end":{"line":215,"column":6}},"73":{"start":{"line":219,"column":4},"end":{"line":219,"column":37}},"74":{"start":{"line":219,"column":27},"end":{"line":219,"column":37}},"75":{"start":{"line":220,"column":25},"end":{"line":220,"column":29}},"76":{"start":{"line":221,"column":4},"end":{"line":233,"column":5}},"77":{"start":{"line":225,"column":6},"end":{"line":225,"column":59}},"78":{"start":{"line":226,"column":11},"end":{"line":233,"column":5}},"79":{"start":{"line":228,"column":8},"end":{"line":228,"column":68}},"80":{"start":{"line":229,"column":6},"end":{"line":231,"column":18}},"81":{"start":{"line":230,"column":18},"end":{"line":230,"column":41}},"82":{"start":{"line":232,"column":6},"end":{"line":232,"column":37}},"83":{"start":{"line":234,"column":4},"end":{"line":258,"column":6}},"84":{"start":{"line":262,"column":4},"end":{"line":262,"column":27}},"85":{"start":{"line":262,"column":17},"end":{"line":262,"column":27}},"86":{"start":{"line":264,"column":18},"end":{"line":264,"column":20}},"87":{"start":{"line":265,"column":4},"end":{"line":304,"column":5}},"88":{"start":{"line":266,"column":6},"end":{"line":286,"column":7}},"89":{"start":{"line":269,"column":12},"end":{"line":270,"column":51}},"90":{"start":{"line":273,"column":8},"end":{"line":275,"column":10}},"91":{"start":{"line":276,"column":8},"end":{"line":283,"column":11}},"92":{"start":{"line":277,"column":10},"end":{"line":279,"column":11}},"93":{"start":{"line":278,"column":12},"end":{"line":278,"column":53}},"94":{"start":{"line":280,"column":10},"end":{"line":282,"column":11}},"95":{"start":{"line":281,"column":12},"end":{"line":281,"column":56}},"96":{"start":{"line":284,"column":8},"end":{"line":285,"column":10}},"97":{"start":{"line":288,"column":6},"end":{"line":303,"column":9}},"98":{"start":{"line":289,"column":8},"end":{"line":302,"column":10}},"99":{"start":{"line":305,"column":4},"end":{"line":305,"column":19}},"100":{"start":{"line":309,"column":4},"end":{"line":309,"column":28}},"101":{"start":{"line":309,"column":18},"end":{"line":309,"column":28}},"102":{"start":{"line":310,"column":4},"end":{"line":316,"column":6}},"103":{"start":{"line":319,"column":6},"end":{"line":319,"column":29}},"104":{"start":{"line":319,"column":19},"end":{"line":319,"column":29}},"105":{"start":{"line":320,"column":22},"end":{"line":320,"column":42}},"106":{"start":{"line":321,"column":23},"end":{"line":321,"column":46}},"107":{"start":{"line":322,"column":6},"end":{"line":322,"column":68}},"108":{"start":{"line":326,"column":6},"end":{"line":330,"column":8}},"109":{"start":{"line":333,"column":6},"end":{"line":347,"column":8}},"110":{"start":{"line":351,"column":6},"end":{"line":351,"column":32}},"111":{"start":{"line":351,"column":22},"end":{"line":351,"column":32}},"112":{"start":{"line":352,"column":22},"end":{"line":357,"column":18}},"113":{"start":{"line":355,"column":12},"end":{"line":355,"column":73}},"114":{"start":{"line":358,"column":6},"end":{"line":358,"column":85}},"115":{"start":{"line":362,"column":2},"end":{"line":362,"column":20}},"116":{"start":{"line":365,"column":0},"end":{"line":365,"column":31}}},"fnMap":{"0":{"name":"geSceneCreate","decl":{"start":{"line":5,"column":9},"end":{"line":5,"column":22}},"loc":{"start":{"line":5,"column":47},"end":{"line":363,"column":1}},"line":5},"1":{"name":"renderScene","decl":{"start":{"line":25,"column":11},"end":{"line":25,"column":22}},"loc":{"start":{"line":25,"column":47},"end":{"line":89,"column":3}},"line":25},"2":{"name":"(anonymous_2)","decl":{"start":{"line":32,"column":30},"end":{"line":32,"column":31}},"loc":{"start":{"line":32,"column":50},"end":{"line":85,"column":7}},"line":32},"3":{"name":"(anonymous_3)","decl":{"start":{"line":75,"column":12},"end":{"line":75,"column":13}},"loc":{"start":{"line":75,"column":54},"end":{"line":82,"column":13}},"line":75},"4":{"name":"getBackgroundCode","decl":{"start":{"line":91,"column":11},"end":{"line":91,"column":28}},"loc":{"start":{"line":91,"column":52},"end":{"line":99,"column":3}},"line":91},"5":{"name":"getDragEventCode","decl":{"start":{"line":101,"column":11},"end":{"line":101,"column":27}},"loc":{"start":{"line":101,"column":61},"end":{"line":107,"column":3}},"line":101},"6":{"name":"getLabelCode","decl":{"start":{"line":109,"column":11},"end":{"line":109,"column":23}},"loc":{"start":{"line":109,"column":50},"end":{"line":117,"column":3}},"line":109},"7":{"name":"getAnimationCode","decl":{"start":{"line":119,"column":11},"end":{"line":119,"column":27}},"loc":{"start":{"line":119,"column":45},"end":{"line":132,"column":3}},"line":119},"8":{"name":"(anonymous_8)","decl":{"start":{"line":126,"column":12},"end":{"line":126,"column":13}},"loc":{"start":{"line":127,"column":14},"end":{"line":127,"column":75}},"line":127},"9":{"name":"getSetDraggableCode","decl":{"start":{"line":134,"column":11},"end":{"line":134,"column":30}},"loc":{"start":{"line":134,"column":50},"end":{"line":143,"column":3}},"line":134},"10":{"name":"getSetScaleCode","decl":{"start":{"line":145,"column":11},"end":{"line":145,"column":26}},"loc":{"start":{"line":145,"column":40},"end":{"line":148,"column":3}},"line":145},"11":{"name":"getSetOriginCode","decl":{"start":{"line":150,"column":11},"end":{"line":150,"column":27}},"loc":{"start":{"line":150,"column":42},"end":{"line":153,"column":3}},"line":150},"12":{"name":"getSetInteractiveCode","decl":{"start":{"line":155,"column":11},"end":{"line":155,"column":32}},"loc":{"start":{"line":155,"column":39},"end":{"line":158,"column":3}},"line":155},"13":{"name":"getHasPhysicsCode","decl":{"start":{"line":160,"column":11},"end":{"line":160,"column":28}},"loc":{"start":{"line":160,"column":54},"end":{"line":163,"column":3}},"line":160},"14":{"name":"getActionableItemImageCode","decl":{"start":{"line":165,"column":11},"end":{"line":165,"column":37}},"loc":{"start":{"line":165,"column":54},"end":{"line":176,"column":3}},"line":165},"15":{"name":"getActionableItemTextCode","decl":{"start":{"line":178,"column":11},"end":{"line":178,"column":36}},"loc":{"start":{"line":178,"column":53},"end":{"line":191,"column":3}},"line":178},"16":{"name":"getActionableItemHitboxCode","decl":{"start":{"line":193,"column":11},"end":{"line":193,"column":38}},"loc":{"start":{"line":193,"column":55},"end":{"line":206,"column":3}},"line":193},"17":{"name":"getMainNPCDialogEventCode","decl":{"start":{"line":208,"column":11},"end":{"line":208,"column":36}},"loc":{"start":{"line":208,"column":44},"end":{"line":216,"column":3}},"line":208},"18":{"name":"getSceneTransitionCode","decl":{"start":{"line":218,"column":11},"end":{"line":218,"column":33}},"loc":{"start":{"line":218,"column":41},"end":{"line":259,"column":3}},"line":218},"19":{"name":"(anonymous_19)","decl":{"start":{"line":230,"column":8},"end":{"line":230,"column":9}},"loc":{"start":{"line":230,"column":18},"end":{"line":230,"column":41}},"line":230},"20":{"name":"getEventsCode","decl":{"start":{"line":261,"column":11},"end":{"line":261,"column":24}},"loc":{"start":{"line":261,"column":65},"end":{"line":306,"column":3}},"line":261},"21":{"name":"(anonymous_21)","decl":{"start":{"line":268,"column":10},"end":{"line":268,"column":11}},"loc":{"start":{"line":269,"column":12},"end":{"line":270,"column":51}},"line":269},"22":{"name":"(anonymous_22)","decl":{"start":{"line":276,"column":23},"end":{"line":276,"column":24}},"loc":{"start":{"line":276,"column":49},"end":{"line":283,"column":9}},"line":276},"23":{"name":"(anonymous_23)","decl":{"start":{"line":288,"column":22},"end":{"line":288,"column":23}},"loc":{"start":{"line":288,"column":48},"end":{"line":303,"column":7}},"line":288},"24":{"name":"getMainNPCCode","decl":{"start":{"line":308,"column":11},"end":{"line":308,"column":25}},"loc":{"start":{"line":308,"column":35},"end":{"line":360,"column":3}},"line":308},"25":{"name":"getMainNPCDefaultDialogCode","decl":{"start":{"line":318,"column":13},"end":{"line":318,"column":40}},"loc":{"start":{"line":318,"column":49},"end":{"line":323,"column":5}},"line":318},"26":{"name":"getMainNPCImagePositionCode","decl":{"start":{"line":325,"column":13},"end":{"line":325,"column":40}},"loc":{"start":{"line":325,"column":51},"end":{"line":331,"column":5}},"line":325},"27":{"name":"getMainNPCDialogPositionCode","decl":{"start":{"line":332,"column":13},"end":{"line":332,"column":41}},"loc":{"start":{"line":332,"column":51},"end":{"line":348,"column":5}},"line":332},"28":{"name":"getMainNPCAnimationCode","decl":{"start":{"line":350,"column":13},"end":{"line":350,"column":36}},"loc":{"start":{"line":350,"column":48},"end":{"line":359,"column":5}},"line":350},"29":{"name":"(anonymous_29)","decl":{"start":{"line":354,"column":10},"end":{"line":354,"column":11}},"loc":{"start":{"line":355,"column":12},"end":{"line":355,"column":73}},"line":355}},"branchMap":{"0":{"loc":{"start":{"line":6,"column":2},"end":{"line":14,"column":3}},"type":"if","locations":[{"start":{"line":6,"column":2},"end":{"line":14,"column":3}},{"start":{},"end":{}}],"line":6},"1":{"loc":{"start":{"line":7,"column":4},"end":{"line":9,"column":42}},"type":"binary-expr","locations":[{"start":{"line":7,"column":4},"end":{"line":7,"column":14}},{"start":{"line":8,"column":4},"end":{"line":8,"column":33}},{"start":{"line":9,"column":4},"end":{"line":9,"column":42}}],"line":7},"2":{"loc":{"start":{"line":16,"column":2},"end":{"line":18,"column":3}},"type":"if","locations":[{"start":{"line":16,"column":2},"end":{"line":18,"column":3}},{"start":{},"end":{}}],"line":16},"3":{"loc":{"start":{"line":16,"column":6},"end":{"line":16,"column":53}},"type":"binary-expr","locations":[{"start":{"line":16,"column":6},"end":{"line":16,"column":18}},{"start":{"line":16,"column":22},"end":{"line":16,"column":53}}],"line":16},"4":{"loc":{"start":{"line":31,"column":4},"end":{"line":88,"column":5}},"type":"if","locations":[{"start":{"line":31,"column":4},"end":{"line":88,"column":5}},{"start":{},"end":{}}],"line":31},"5":{"loc":{"start":{"line":33,"column":8},"end":{"line":44,"column":9}},"type":"switch","locations":[{"start":{"line":34,"column":10},"end":{"line":36,"column":18}},{"start":{"line":37,"column":10},"end":{"line":39,"column":18}},{"start":{"line":40,"column":10},"end":{"line":42,"column":18}},{"start":{"line":43,"column":10},"end":{"line":43,"column":18}}],"line":33},"6":{"loc":{"start":{"line":73,"column":8},"end":{"line":84,"column":9}},"type":"if","locations":[{"start":{"line":73,"column":8},"end":{"line":84,"column":9}},{"start":{},"end":{}}],"line":73},"7":{"loc":{"start":{"line":92,"column":4},"end":{"line":92,"column":31}},"type":"if","locations":[{"start":{"line":92,"column":4},"end":{"line":92,"column":31}},{"start":{},"end":{}}],"line":92},"8":{"loc":{"start":{"line":93,"column":4},"end":{"line":97,"column":5}},"type":"if","locations":[{"start":{"line":93,"column":4},"end":{"line":97,"column":5}},{"start":{"line":95,"column":11},"end":{"line":97,"column":5}}],"line":93},"9":{"loc":{"start":{"line":95,"column":11},"end":{"line":97,"column":5}},"type":"if","locations":[{"start":{"line":95,"column":11},"end":{"line":97,"column":5}},{"start":{},"end":{}}],"line":95},"10":{"loc":{"start":{"line":102,"column":4},"end":{"line":102,"column":52}},"type":"if","locations":[{"start":{"line":102,"column":4},"end":{"line":102,"column":52}},{"start":{},"end":{}}],"line":102},"11":{"loc":{"start":{"line":110,"column":4},"end":{"line":110,"column":35}},"type":"if","locations":[{"start":{"line":110,"column":4},"end":{"line":110,"column":35}},{"start":{},"end":{}}],"line":110},"12":{"loc":{"start":{"line":110,"column":8},"end":{"line":110,"column":23}},"type":"binary-expr","locations":[{"start":{"line":110,"column":8},"end":{"line":110,"column":14}},{"start":{"line":110,"column":18},"end":{"line":110,"column":23}}],"line":110},"13":{"loc":{"start":{"line":120,"column":4},"end":{"line":120,"column":39}},"type":"if","locations":[{"start":{"line":120,"column":4},"end":{"line":120,"column":39}},{"start":{},"end":{}}],"line":120},"14":{"loc":{"start":{"line":120,"column":8},"end":{"line":120,"column":27}},"type":"binary-expr","locations":[{"start":{"line":120,"column":8},"end":{"line":120,"column":18}},{"start":{"line":120,"column":22},"end":{"line":120,"column":27}}],"line":120},"15":{"loc":{"start":{"line":127,"column":25},"end":{"line":127,"column":73}},"type":"cond-expr","locations":[{"start":{"line":127,"column":53},"end":{"line":127,"column":65}},{"start":{"line":127,"column":68},"end":{"line":127,"column":73}}],"line":127},"16":{"loc":{"start":{"line":135,"column":4},"end":{"line":135,"column":41}},"type":"if","locations":[{"start":{"line":135,"column":4},"end":{"line":135,"column":41}},{"start":{},"end":{}}],"line":135},"17":{"loc":{"start":{"line":135,"column":8},"end":{"line":135,"column":29}},"type":"binary-expr","locations":[{"start":{"line":135,"column":8},"end":{"line":135,"column":20}},{"start":{"line":135,"column":24},"end":{"line":135,"column":29}}],"line":135},"18":{"loc":{"start":{"line":146,"column":4},"end":{"line":146,"column":35}},"type":"if","locations":[{"start":{"line":146,"column":4},"end":{"line":146,"column":35}},{"start":{},"end":{}}],"line":146},"19":{"loc":{"start":{"line":146,"column":8},"end":{"line":146,"column":23}},"type":"binary-expr","locations":[{"start":{"line":146,"column":8},"end":{"line":146,"column":14}},{"start":{"line":146,"column":18},"end":{"line":146,"column":23}}],"line":146},"20":{"loc":{"start":{"line":151,"column":4},"end":{"line":151,"column":36}},"type":"if","locations":[{"start":{"line":151,"column":4},"end":{"line":151,"column":36}},{"start":{},"end":{}}],"line":151},"21":{"loc":{"start":{"line":151,"column":8},"end":{"line":151,"column":24}},"type":"binary-expr","locations":[{"start":{"line":151,"column":8},"end":{"line":151,"column":15}},{"start":{"line":151,"column":19},"end":{"line":151,"column":24}}],"line":151},"22":{"loc":{"start":{"line":152,"column":37},"end":{"line":152,"column":51}},"type":"binary-expr","locations":[{"start":{"line":152,"column":37},"end":{"line":152,"column":46}},{"start":{"line":152,"column":50},"end":{"line":152,"column":51}}],"line":152},"23":{"loc":{"start":{"line":152,"column":56},"end":{"line":152,"column":70}},"type":"binary-expr","locations":[{"start":{"line":152,"column":56},"end":{"line":152,"column":65}},{"start":{"line":152,"column":69},"end":{"line":152,"column":70}}],"line":152},"24":{"loc":{"start":{"line":156,"column":4},"end":{"line":156,"column":45}},"type":"if","locations":[{"start":{"line":156,"column":4},"end":{"line":156,"column":45}},{"start":{},"end":{}}],"line":156},"25":{"loc":{"start":{"line":156,"column":8},"end":{"line":156,"column":33}},"type":"binary-expr","locations":[{"start":{"line":156,"column":8},"end":{"line":156,"column":24}},{"start":{"line":156,"column":28},"end":{"line":156,"column":33}}],"line":156},"26":{"loc":{"start":{"line":161,"column":4},"end":{"line":161,"column":47}},"type":"if","locations":[{"start":{"line":161,"column":4},"end":{"line":161,"column":47}},{"start":{},"end":{}}],"line":161},"27":{"loc":{"start":{"line":161,"column":8},"end":{"line":161,"column":35}},"type":"binary-expr","locations":[{"start":{"line":161,"column":8},"end":{"line":161,"column":26}},{"start":{"line":161,"column":30},"end":{"line":161,"column":35}}],"line":161},"28":{"loc":{"start":{"line":167,"column":6},"end":{"line":169,"column":37}},"type":"cond-expr","locations":[{"start":{"line":168,"column":10},"end":{"line":168,"column":37}},{"start":{"line":169,"column":10},"end":{"line":169,"column":37}}],"line":167},"29":{"loc":{"start":{"line":171,"column":6},"end":{"line":173,"column":37}},"type":"cond-expr","locations":[{"start":{"line":172,"column":10},"end":{"line":172,"column":37}},{"start":{"line":173,"column":10},"end":{"line":173,"column":37}}],"line":171},"30":{"loc":{"start":{"line":180,"column":6},"end":{"line":182,"column":37}},"type":"cond-expr","locations":[{"start":{"line":181,"column":10},"end":{"line":181,"column":37}},{"start":{"line":182,"column":10},"end":{"line":182,"column":37}}],"line":180},"31":{"loc":{"start":{"line":184,"column":6},"end":{"line":186,"column":37}},"type":"cond-expr","locations":[{"start":{"line":185,"column":10},"end":{"line":185,"column":37}},{"start":{"line":186,"column":10},"end":{"line":186,"column":37}}],"line":184},"32":{"loc":{"start":{"line":195,"column":6},"end":{"line":197,"column":37}},"type":"cond-expr","locations":[{"start":{"line":196,"column":10},"end":{"line":196,"column":37}},{"start":{"line":197,"column":10},"end":{"line":197,"column":37}}],"line":195},"33":{"loc":{"start":{"line":199,"column":6},"end":{"line":201,"column":37}},"type":"cond-expr","locations":[{"start":{"line":200,"column":10},"end":{"line":200,"column":37}},{"start":{"line":201,"column":10},"end":{"line":201,"column":37}}],"line":199},"34":{"loc":{"start":{"line":209,"column":4},"end":{"line":209,"column":33}},"type":"if","locations":[{"start":{"line":209,"column":4},"end":{"line":209,"column":33}},{"start":{},"end":{}}],"line":209},"35":{"loc":{"start":{"line":213,"column":8},"end":{"line":213,"column":38}},"type":"binary-expr","locations":[{"start":{"line":213,"column":8},"end":{"line":213,"column":30}},{"start":{"line":213,"column":34},"end":{"line":213,"column":38}}],"line":213},"36":{"loc":{"start":{"line":219,"column":4},"end":{"line":219,"column":37}},"type":"if","locations":[{"start":{"line":219,"column":4},"end":{"line":219,"column":37}},{"start":{},"end":{}}],"line":219},"37":{"loc":{"start":{"line":221,"column":4},"end":{"line":233,"column":5}},"type":"if","locations":[{"start":{"line":221,"column":4},"end":{"line":233,"column":5}},{"start":{"line":226,"column":11},"end":{"line":233,"column":5}}],"line":221},"38":{"loc":{"start":{"line":222,"column":6},"end":{"line":223,"column":44}},"type":"binary-expr","locations":[{"start":{"line":222,"column":6},"end":{"line":222,"column":44}},{"start":{"line":223,"column":6},"end":{"line":223,"column":44}}],"line":222},"39":{"loc":{"start":{"line":226,"column":11},"end":{"line":233,"column":5}},"type":"if","locations":[{"start":{"line":226,"column":11},"end":{"line":233,"column":5}},{"start":{},"end":{}}],"line":226},"40":{"loc":{"start":{"line":238,"column":10},"end":{"line":240,"column":16}},"type":"cond-expr","locations":[{"start":{"line":239,"column":14},"end":{"line":239,"column":80}},{"start":{"line":240,"column":14},"end":{"line":240,"column":16}}],"line":238},"41":{"loc":{"start":{"line":238,"column":10},"end":{"line":238,"column":48}},"type":"binary-expr","locations":[{"start":{"line":238,"column":10},"end":{"line":238,"column":27}},{"start":{"line":238,"column":31},"end":{"line":238,"column":48}}],"line":238},"42":{"loc":{"start":{"line":244,"column":10},"end":{"line":247,"column":16}},"type":"cond-expr","locations":[{"start":{"line":245,"column":14},"end":{"line":246,"column":133}},{"start":{"line":247,"column":14},"end":{"line":247,"column":16}}],"line":244},"43":{"loc":{"start":{"line":262,"column":4},"end":{"line":262,"column":27}},"type":"if","locations":[{"start":{"line":262,"column":4},"end":{"line":262,"column":27}},{"start":{},"end":{}}],"line":262},"44":{"loc":{"start":{"line":265,"column":4},"end":{"line":304,"column":5}},"type":"if","locations":[{"start":{"line":265,"column":4},"end":{"line":304,"column":5}},{"start":{"line":287,"column":11},"end":{"line":304,"column":5}}],"line":265},"45":{"loc":{"start":{"line":266,"column":6},"end":{"line":286,"column":7}},"type":"if","locations":[{"start":{"line":266,"column":6},"end":{"line":286,"column":7}},{"start":{},"end":{}}],"line":266},"46":{"loc":{"start":{"line":269,"column":12},"end":{"line":270,"column":51}},"type":"binary-expr","locations":[{"start":{"line":269,"column":12},"end":{"line":269,"column":52}},{"start":{"line":270,"column":12},"end":{"line":270,"column":51}}],"line":269},"47":{"loc":{"start":{"line":277,"column":10},"end":{"line":279,"column":11}},"type":"if","locations":[{"start":{"line":277,"column":10},"end":{"line":279,"column":11}},{"start":{},"end":{}}],"line":277},"48":{"loc":{"start":{"line":280,"column":10},"end":{"line":282,"column":11}},"type":"if","locations":[{"start":{"line":280,"column":10},"end":{"line":282,"column":11}},{"start":{},"end":{}}],"line":280},"49":{"loc":{"start":{"line":292,"column":14},"end":{"line":294,"column":20}},"type":"cond-expr","locations":[{"start":{"line":293,"column":18},"end":{"line":293,"column":47}},{"start":{"line":294,"column":18},"end":{"line":294,"column":20}}],"line":292},"50":{"loc":{"start":{"line":297,"column":14},"end":{"line":299,"column":20}},"type":"cond-expr","locations":[{"start":{"line":298,"column":18},"end":{"line":298,"column":50}},{"start":{"line":299,"column":18},"end":{"line":299,"column":20}}],"line":297},"51":{"loc":{"start":{"line":309,"column":4},"end":{"line":309,"column":28}},"type":"if","locations":[{"start":{"line":309,"column":4},"end":{"line":309,"column":28}},{"start":{},"end":{}}],"line":309},"52":{"loc":{"start":{"line":319,"column":6},"end":{"line":319,"column":29}},"type":"if","locations":[{"start":{"line":319,"column":6},"end":{"line":319,"column":29}},{"start":{},"end":{}}],"line":319},"53":{"loc":{"start":{"line":320,"column":22},"end":{"line":320,"column":42}},"type":"binary-expr","locations":[{"start":{"line":320,"column":22},"end":{"line":320,"column":36}},{"start":{"line":320,"column":40},"end":{"line":320,"column":42}}],"line":320},"54":{"loc":{"start":{"line":321,"column":23},"end":{"line":321,"column":46}},"type":"binary-expr","locations":[{"start":{"line":321,"column":23},"end":{"line":321,"column":38}},{"start":{"line":321,"column":42},"end":{"line":321,"column":46}}],"line":321},"55":{"loc":{"start":{"line":328,"column":10},"end":{"line":328,"column":59}},"type":"binary-expr","locations":[{"start":{"line":328,"column":10},"end":{"line":328,"column":21}},{"start":{"line":328,"column":25},"end":{"line":328,"column":59}}],"line":328},"56":{"loc":{"start":{"line":329,"column":13},"end":{"line":329,"column":62}},"type":"binary-expr","locations":[{"start":{"line":329,"column":13},"end":{"line":329,"column":24}},{"start":{"line":329,"column":28},"end":{"line":329,"column":62}}],"line":329},"57":{"loc":{"start":{"line":335,"column":8},"end":{"line":335,"column":66}},"type":"binary-expr","locations":[{"start":{"line":335,"column":8},"end":{"line":335,"column":28}},{"start":{"line":335,"column":32},"end":{"line":335,"column":66}}],"line":335},"58":{"loc":{"start":{"line":337,"column":8},"end":{"line":345,"column":55}},"type":"cond-expr","locations":[{"start":{"line":338,"column":12},"end":{"line":342,"column":14}},{"start":{"line":343,"column":12},"end":{"line":345,"column":55}}],"line":337},"59":{"loc":{"start":{"line":339,"column":14},"end":{"line":339,"column":72}},"type":"binary-expr","locations":[{"start":{"line":339,"column":14},"end":{"line":339,"column":34}},{"start":{"line":339,"column":38},"end":{"line":339,"column":72}}],"line":339},"60":{"loc":{"start":{"line":344,"column":14},"end":{"line":344,"column":72}},"type":"binary-expr","locations":[{"start":{"line":344,"column":14},"end":{"line":344,"column":34}},{"start":{"line":344,"column":38},"end":{"line":344,"column":72}}],"line":344},"61":{"loc":{"start":{"line":351,"column":6},"end":{"line":351,"column":32}},"type":"if","locations":[{"start":{"line":351,"column":6},"end":{"line":351,"column":32}},{"start":{},"end":{}}],"line":351},"62":{"loc":{"start":{"line":355,"column":23},"end":{"line":355,"column":71}},"type":"cond-expr","locations":[{"start":{"line":355,"column":51},"end":{"line":355,"column":63}},{"start":{"line":355,"column":66},"end":{"line":355,"column":71}}],"line":355}},"s":{"0":2,"1":2,"2":2,"3":23,"4":3,"5":20,"6":2,"7":18,"8":18,"9":18,"10":18,"11":18,"12":18,"13":18,"14":18,"15":12,"16":40,"17":12,"18":12,"19":13,"20":13,"21":12,"22":12,"23":40,"24":40,"25":40,"26":40,"27":40,"28":40,"29":40,"30":40,"31":8,"32":8,"33":12,"34":18,"35":15,"36":3,"37":1,"38":2,"39":1,"40":1,"41":12,"42":11,"43":1,"44":40,"45":40,"46":0,"47":40,"48":37,"49":3,"50":9,"51":40,"52":37,"53":3,"54":3,"55":40,"56":37,"57":3,"58":40,"59":37,"60":3,"61":40,"62":0,"63":40,"64":40,"65":37,"66":3,"67":13,"68":12,"69":12,"70":5,"71":0,"72":5,"73":4,"74":0,"75":4,"76":4,"77":1,"78":3,"79":1,"80":1,"81":1,"82":1,"83":4,"84":8,"85":0,"86":8,"87":8,"88":4,"89":4,"90":4,"91":4,"92":5,"93":3,"94":5,"95":2,"96":4,"97":4,"98":4,"99":8,"100":18,"101":16,"102":2,"103":2,"104":2,"105":0,"106":0,"107":0,"108":2,"109":2,"110":2,"111":2,"112":0,"113":0,"114":0,"115":18,"116":2},"f":{"0":23,"1":18,"2":40,"3":8,"4":18,"5":12,"6":40,"7":40,"8":9,"9":40,"10":40,"11":40,"12":40,"13":40,"14":13,"15":12,"16":12,"17":5,"18":4,"19":1,"20":8,"21":4,"22":5,"23":4,"24":18,"25":2,"26":2,"27":2,"28":2,"29":0},"b":{"0":[3,20],"1":[23,22,21],"2":[2,18],"3":[20,19],"4":[12,6],"5":[12,13,12,3],"6":[8,32],"7":[15,3],"8":[1,2],"9":[1,1],"10":[11,1],"11":[40,0],"12":[40,0],"13":[37,3],"14":[40,3],"15":[0,9],"16":[37,3],"17":[40,3],"18":[37,3],"19":[40,3],"20":[37,3],"21":[40,3],"22":[3,0],"23":[3,0],"24":[0,40],"25":[40,40],"26":[37,3],"27":[40,3],"28":[2,11],"29":[1,12],"30":[2,10],"31":[1,11],"32":[2,10],"33":[1,11],"34":[0,5],"35":[5,5],"36":[0,4],"37":[1,3],"38":[4,1],"39":[1,2],"40":[1,3],"41":[4,1],"42":[1,3],"43":[0,8],"44":[4,4],"45":[4,0],"46":[4,1],"47":[3,2],"48":[2,3],"49":[1,3],"50":[3,1],"51":[16,2],"52":[2,0],"53":[0,0],"54":[0,0],"55":[2,2],"56":[2,2],"57":[2,2],"58":[0,2],"59":[0,0],"60":[2,2],"61":[2,0],"62":[0,0]},"_coverageSchema":"1a1c01bbd47fc00a2c39e90264f33305004495a9","hash":"d5be7ef24db58ddcb63fa26b01ae14cf81852b67"}
,"/Users/mvdbiggelaar/website/cylander/scene-generator/getScenePreload.js": {"path":"/Users/mvdbiggelaar/website/cylander/scene-generator/getScenePreload.js","statementMap":{"0":{"start":{"line":2,"column":51},"end":{"line":2,"column":62}},"1":{"start":{"line":3,"column":20},"end":{"line":3,"column":22}},"2":{"start":{"line":4,"column":2},"end":{"line":8,"column":3}},"3":{"start":{"line":5,"column":4},"end":{"line":7,"column":12}},"4":{"start":{"line":10,"column":2},"end":{"line":14,"column":5}},"5":{"start":{"line":11,"column":4},"end":{"line":13,"column":5}},"6":{"start":{"line":12,"column":6},"end":{"line":12,"column":69}},"7":{"start":{"line":16,"column":2},"end":{"line":18,"column":3}},"8":{"start":{"line":17,"column":4},"end":{"line":17,"column":82}},"9":{"start":{"line":20,"column":2},"end":{"line":20,"column":21}},"10":{"start":{"line":23,"column":0},"end":{"line":23,"column":33}}},"fnMap":{"0":{"name":"getScenePreload","decl":{"start":{"line":1,"column":9},"end":{"line":1,"column":24}},"loc":{"start":{"line":1,"column":49},"end":{"line":21,"column":1}},"line":1},"1":{"name":"(anonymous_1)","decl":{"start":{"line":10,"column":27},"end":{"line":10,"column":28}},"loc":{"start":{"line":10,"column":54},"end":{"line":14,"column":3}},"line":10}},"branchMap":{"0":{"loc":{"start":{"line":4,"column":2},"end":{"line":8,"column":3}},"type":"if","locations":[{"start":{"line":4,"column":2},"end":{"line":8,"column":3}},{"start":{},"end":{}}],"line":4},"1":{"loc":{"start":{"line":11,"column":4},"end":{"line":13,"column":5}},"type":"if","locations":[{"start":{"line":11,"column":4},"end":{"line":13,"column":5}},{"start":{},"end":{}}],"line":11},"2":{"loc":{"start":{"line":16,"column":2},"end":{"line":18,"column":3}},"type":"if","locations":[{"start":{"line":16,"column":2},"end":{"line":18,"column":3}},{"start":{},"end":{}}],"line":16}},"s":{"0":7,"1":7,"2":7,"3":1,"4":7,"5":2,"6":2,"7":7,"8":2,"9":7,"10":2},"f":{"0":7,"1":2},"b":{"0":[1,6],"1":[2,0],"2":[2,5]},"_coverageSchema":"1a1c01bbd47fc00a2c39e90264f33305004495a9","hash":"8607cf2d37a721a0a3ad996d8f868140865f23fc"}
}
