TN:
SF:scene-generator/actionTypes.js
FNF:0
FNH:0
DA:1,2
DA:7,2
LF:2
LH:2
BRF:0
BRH:0
end_of_record
TN:
SF:scene-generator/actionableItemTypes.js
FNF:0
FNH:0
DA:1,2
DA:7,2
LF:2
LH:2
BRF:0
BRH:0
end_of_record
TN:
SF:scene-generator/eventTypes.js
FNF:0
FNH:0
DA:1,2
DA:6,2
LF:2
LH:2
BRF:0
BRH:0
end_of_record
TN:
SF:scene-generator/getSceneClass.js
FN:4,getSceneClass
FNF:1
FNH:1
FNDA:3,getSceneClass
DA:1,1
DA:2,1
DA:5,3
DA:6,3
DA:8,3
DA:27,3
DA:30,1
LF:7
LH:7
BRDA:10,0,0,1
BRDA:10,0,1,2
BRF:2
BRH:2
end_of_record
TN:
SF:scene-generator/getSceneCreate.js
FN:5,geSceneCreate
FN:25,renderScene
FN:32,(anonymous_2)
FN:75,(anonymous_3)
FN:91,getBackgroundCode
FN:101,getDragEventCode
FN:109,getLabelCode
FN:119,getAnimationCode
FN:126,(anonymous_8)
FN:134,getSetDraggableCode
FN:145,getSetScaleCode
FN:150,getSetOriginCode
FN:155,getSetInteractiveCode
FN:160,getHasPhysicsCode
FN:165,getActionableItemImageCode
FN:178,getActionableItemTextCode
FN:193,getActionableItemHitboxCode
FN:208,getMainNPCDialogEventCode
FN:218,getSceneTransitionCode
FN:230,(anonymous_19)
FN:261,getEventsCode
FN:268,(anonymous_21)
FN:276,(anonymous_22)
FN:288,(anonymous_23)
FN:308,getMainNPCCode
FN:318,getMainNPCDefaultDialogCode
FN:325,getMainNPCImagePositionCode
FN:332,getMainNPCDialogPositionCode
FN:350,getMainNPCAnimationCode
FN:354,(anonymous_29)
FNF:30
FNH:29
FNDA:23,geSceneCreate
FNDA:18,renderScene
FNDA:40,(anonymous_2)
FNDA:8,(anonymous_3)
FNDA:18,getBackgroundCode
FNDA:12,getDragEventCode
FNDA:40,getLabelCode
FNDA:40,getAnimationCode
FNDA:9,(anonymous_8)
FNDA:40,getSetDraggableCode
FNDA:40,getSetScaleCode
FNDA:40,getSetOriginCode
FNDA:40,getSetInteractiveCode
FNDA:40,getHasPhysicsCode
FNDA:13,getActionableItemImageCode
FNDA:12,getActionableItemTextCode
FNDA:12,getActionableItemHitboxCode
FNDA:5,getMainNPCDialogEventCode
FNDA:4,getSceneTransitionCode
FNDA:1,(anonymous_19)
FNDA:8,getEventsCode
FNDA:4,(anonymous_21)
FNDA:5,(anonymous_22)
FNDA:4,(anonymous_23)
FNDA:18,getMainNPCCode
FNDA:2,getMainNPCDefaultDialogCode
FNDA:2,getMainNPCImagePositionCode
FNDA:2,getMainNPCDialogPositionCode
FNDA:2,getMainNPCAnimationCode
FNDA:0,(anonymous_29)
DA:1,2
DA:2,2
DA:3,2
DA:6,23
DA:11,3
DA:16,20
DA:17,2
DA:20,18
DA:21,18
DA:23,18
DA:26,18
DA:27,18
DA:28,18
DA:29,18
DA:31,18
DA:32,12
DA:33,40
DA:35,12
DA:36,12
DA:38,13
DA:39,13
DA:41,12
DA:42,12
DA:46,40
DA:50,40
DA:54,40
DA:55,40
DA:59,40
DA:63,40
DA:67,40
DA:73,40
DA:74,8
DA:76,8
DA:87,12
DA:92,18
DA:93,3
DA:94,1
DA:95,2
DA:96,1
DA:98,1
DA:102,12
DA:103,1
DA:110,40
DA:111,0
DA:120,40
DA:121,3
DA:127,9
DA:135,40
DA:136,3
DA:137,3
DA:146,40
DA:147,3
DA:151,40
DA:152,3
DA:156,40
DA:157,40
DA:161,40
DA:162,3
DA:166,13
DA:179,12
DA:194,12
DA:209,5
DA:210,5
DA:219,4
DA:220,4
DA:221,4
DA:225,1
DA:226,3
DA:228,1
DA:229,1
DA:230,1
DA:232,1
DA:234,4
DA:262,8
DA:264,8
DA:265,8
DA:266,4
DA:269,4
DA:273,4
DA:276,4
DA:277,5
DA:278,3
DA:280,5
DA:281,2
DA:284,4
DA:288,4
DA:289,4
DA:305,8
DA:309,18
DA:310,2
DA:319,2
DA:320,0
DA:321,0
DA:322,0
DA:326,2
DA:333,2
DA:351,2
DA:352,0
DA:355,0
DA:358,0
DA:362,18
DA:365,2
LF:102
LH:95
BRDA:6,0,0,3
BRDA:6,0,1,20
BRDA:7,1,0,23
BRDA:7,1,1,22
BRDA:7,1,2,21
BRDA:16,2,0,2
BRDA:16,2,1,18
BRDA:16,3,0,20
BRDA:16,3,1,19
BRDA:31,4,0,12
BRDA:31,4,1,6
BRDA:33,5,0,12
BRDA:33,5,1,13
BRDA:33,5,2,12
BRDA:33,5,3,3
BRDA:73,6,0,8
BRDA:73,6,1,32
BRDA:92,7,0,15
BRDA:92,7,1,3
BRDA:93,8,0,1
BRDA:93,8,1,2
BRDA:95,9,0,1
BRDA:95,9,1,1
BRDA:102,10,0,11
BRDA:102,10,1,1
BRDA:110,11,0,40
BRDA:110,11,1,0
BRDA:110,12,0,40
BRDA:110,12,1,0
BRDA:120,13,0,37
BRDA:120,13,1,3
BRDA:120,14,0,40
BRDA:120,14,1,3
BRDA:127,15,0,0
BRDA:127,15,1,9
BRDA:135,16,0,37
BRDA:135,16,1,3
BRDA:135,17,0,40
BRDA:135,17,1,3
BRDA:146,18,0,37
BRDA:146,18,1,3
BRDA:146,19,0,40
BRDA:146,19,1,3
BRDA:151,20,0,37
BRDA:151,20,1,3
BRDA:151,21,0,40
BRDA:151,21,1,3
BRDA:152,22,0,3
BRDA:152,22,1,0
BRDA:152,23,0,3
BRDA:152,23,1,0
BRDA:156,24,0,0
BRDA:156,24,1,40
BRDA:156,25,0,40
BRDA:156,25,1,40
BRDA:161,26,0,37
BRDA:161,26,1,3
BRDA:161,27,0,40
BRDA:161,27,1,3
BRDA:167,28,0,2
BRDA:167,28,1,11
BRDA:171,29,0,1
BRDA:171,29,1,12
BRDA:180,30,0,2
BRDA:180,30,1,10
BRDA:184,31,0,1
BRDA:184,31,1,11
BRDA:195,32,0,2
BRDA:195,32,1,10
BRDA:199,33,0,1
BRDA:199,33,1,11
BRDA:209,34,0,0
BRDA:209,34,1,5
BRDA:213,35,0,5
BRDA:213,35,1,5
BRDA:219,36,0,0
BRDA:219,36,1,4
BRDA:221,37,0,1
BRDA:221,37,1,3
BRDA:222,38,0,4
BRDA:222,38,1,1
BRDA:226,39,0,1
BRDA:226,39,1,2
BRDA:238,40,0,1
BRDA:238,40,1,3
BRDA:238,41,0,4
BRDA:238,41,1,1
BRDA:244,42,0,1
BRDA:244,42,1,3
BRDA:262,43,0,0
BRDA:262,43,1,8
BRDA:265,44,0,4
BRDA:265,44,1,4
BRDA:266,45,0,4
BRDA:266,45,1,0
BRDA:269,46,0,4
BRDA:269,46,1,1
BRDA:277,47,0,3
BRDA:277,47,1,2
BRDA:280,48,0,2
BRDA:280,48,1,3
BRDA:292,49,0,1
BRDA:292,49,1,3
BRDA:297,50,0,3
BRDA:297,50,1,1
BRDA:309,51,0,16
BRDA:309,51,1,2
BRDA:319,52,0,2
BRDA:319,52,1,0
BRDA:320,53,0,0
BRDA:320,53,1,0
BRDA:321,54,0,0
BRDA:321,54,1,0
BRDA:328,55,0,2
BRDA:328,55,1,2
BRDA:329,56,0,2
BRDA:329,56,1,2
BRDA:335,57,0,2
BRDA:335,57,1,2
BRDA:337,58,0,0
BRDA:337,58,1,2
BRDA:339,59,0,0
BRDA:339,59,1,0
BRDA:344,60,0,2
BRDA:344,60,1,2
BRDA:351,61,0,2
BRDA:351,61,1,0
BRDA:355,62,0,0
BRDA:355,62,1,0
BRF:129
BRH:108
end_of_record
TN:
SF:scene-generator/getScenePreload.js
FN:1,getScenePreload
FN:10,(anonymous_1)
FNF:2
FNH:2
FNDA:7,getScenePreload
FNDA:2,(anonymous_1)
DA:2,7
DA:3,7
DA:4,7
DA:5,1
DA:10,7
DA:11,2
DA:12,2
DA:16,7
DA:17,2
DA:20,7
DA:23,2
LF:11
LH:11
BRDA:4,0,0,1
BRDA:4,0,1,6
BRDA:11,1,0,2
BRDA:11,1,1,0
BRDA:16,2,0,2
BRDA:16,2,1,5
BRF:6
BRH:5
end_of_record
